<?xml version="1.0" encoding="UTF-8"?>
<testng-results retried="3" ignored="3" total="10" passed="3" failed="1" skipped="0">
  <reporter-output>
  </reporter-output>
  <suite started-at="2025-01-31T19:31:27 IST" name="Suite" finished-at="2025-01-31T19:36:20 IST" duration-ms="292992">
    <groups>
      <group name="regressionTest">
        <method signature="CreateOrganization.createOrganization()[pri:0, instance:organization.CreateOrganization@496bc455]" name="createOrganization" class="organization.CreateOrganization"/>
      </group> <!-- regressionTest -->
      <group name="smokeTest">
        <method signature="CreateCampaignWithProduct.createCampaignWithProduct()[pri:0, instance:campaign.CreateCampaignWithProduct@1033576a]" name="createCampaignWithProduct" class="campaign.CreateCampaignWithProduct"/>
        <method signature="CreateOrganization.createOrganization()[pri:0, instance:organization.CreateOrganization@496bc455]" name="createOrganization" class="organization.CreateOrganization"/>
      </group> <!-- smokeTest -->
    </groups>
    <test started-at="2025-01-31T19:31:27 IST" name="Test" finished-at="2025-01-31T19:36:20 IST" duration-ms="292992">
      <class name="campaign.CreateCampaign">
        <test-method is-config="true" signature="BC()[pri:0, instance:campaign.CreateCampaign@303cf2ba]" started-at="2025-01-31T19:33:32 IST" name="BC" finished-at="2025-01-31T19:33:38 IST" duration-ms="5530" status="PASS">
          <reporter-output>
          </reporter-output>
        </test-method> <!-- BC -->
        <test-method is-config="true" signature="BM()[pri:0, instance:campaign.CreateCampaign@303cf2ba]" started-at="2025-01-31T19:33:38 IST" name="BM" finished-at="2025-01-31T19:33:46 IST" duration-ms="8341" status="PASS">
          <reporter-output>
          </reporter-output>
        </test-method> <!-- BM -->
        <test-method retried="true" signature="createCampaign()[pri:0, instance:campaign.CreateCampaign@303cf2ba]" started-at="2025-01-31T19:33:46 IST" name="createCampaign" finished-at="2025-01-31T19:34:07 IST" duration-ms="21016" status="SKIP">
          <exception class="java.lang.AssertionError">
            <message>
              <![CDATA[i am failing the test script]]>
            </message>
            <full-stacktrace>
              <![CDATA[java.lang.AssertionError: i am failing the test script
at org.testng.Assert.fail(Assert.java:111)
at campaign.CreateCampaign.createCampaign(CreateCampaign.java:41)
at java.base/jdk.internal.reflect.NativeMethodAccessorImpl.invoke0(Native Method)
at java.base/jdk.internal.reflect.NativeMethodAccessorImpl.invoke(NativeMethodAccessorImpl.java:78)
at java.base/jdk.internal.reflect.DelegatingMethodAccessorImpl.invoke(DelegatingMethodAccessorImpl.java:43)
at java.base/java.lang.reflect.Method.invoke(Method.java:567)
at org.testng.internal.invokers.MethodInvocationHelper.invokeMethod(MethodInvocationHelper.java:141)
at org.testng.internal.invokers.TestInvoker.invokeMethod(TestInvoker.java:686)
at org.testng.internal.invokers.TestInvoker.invokeTestMethod(TestInvoker.java:230)
at org.testng.internal.invokers.MethodRunner.runInSequence(MethodRunner.java:63)
at org.testng.internal.invokers.TestInvoker$MethodInvocationAgent.invoke(TestInvoker.java:992)
at org.testng.internal.invokers.TestInvoker.invokeTestMethods(TestInvoker.java:203)
at org.testng.internal.invokers.TestMethodWorker.invokeTestMethods(TestMethodWorker.java:154)
at org.testng.internal.invokers.TestMethodWorker.run(TestMethodWorker.java:134)
at java.base/java.util.ArrayList.forEach(ArrayList.java:1511)
at org.testng.TestRunner.privateRun(TestRunner.java:739)
at org.testng.TestRunner.run(TestRunner.java:614)
at org.testng.SuiteRunner.runTest(SuiteRunner.java:421)
at org.testng.SuiteRunner.runSequentially(SuiteRunner.java:413)
at org.testng.SuiteRunner.privateRun(SuiteRunner.java:373)
at org.testng.SuiteRunner.run(SuiteRunner.java:312)
at org.testng.SuiteRunnerWorker.runSuite(SuiteRunnerWorker.java:52)
at org.testng.SuiteRunnerWorker.run(SuiteRunnerWorker.java:95)
at org.testng.TestNG.runSuitesSequentially(TestNG.java:1274)
at org.testng.TestNG.runSuitesLocally(TestNG.java:1208)
at org.testng.TestNG.runSuites(TestNG.java:1112)
at org.testng.TestNG.run(TestNG.java:1079)
at org.testng.remote.AbstractRemoteTestNG.run(AbstractRemoteTestNG.java:115)
at org.testng.remote.RemoteTestNG.initAndRun(RemoteTestNG.java:293)
at org.testng.remote.RemoteTestNG.main(RemoteTestNG.java:91)
]]>
            </full-stacktrace>
          </exception> <!-- java.lang.AssertionError -->
          <reporter-output>
          </reporter-output>
        </test-method> <!-- createCampaign -->
        <test-method is-config="true" signature="AM()[pri:0, instance:campaign.CreateCampaign@303cf2ba]" started-at="2025-01-31T19:34:07 IST" name="AM" finished-at="2025-01-31T19:34:11 IST" duration-ms="3770" status="PASS">
          <reporter-output>
          </reporter-output>
        </test-method> <!-- AM -->
        <test-method is-config="true" signature="BM()[pri:0, instance:campaign.CreateCampaign@303cf2ba]" started-at="2025-01-31T19:34:11 IST" name="BM" finished-at="2025-01-31T19:34:18 IST" duration-ms="7057" status="PASS">
          <reporter-output>
          </reporter-output>
        </test-method> <!-- BM -->
        <test-method retried="true" signature="createCampaign()[pri:0, instance:campaign.CreateCampaign@303cf2ba]" started-at="2025-01-31T19:34:18 IST" name="createCampaign" finished-at="2025-01-31T19:34:34 IST" duration-ms="15889" status="SKIP">
          <exception class="java.lang.AssertionError">
            <message>
              <![CDATA[i am failing the test script]]>
            </message>
            <full-stacktrace>
              <![CDATA[java.lang.AssertionError: i am failing the test script
at org.testng.Assert.fail(Assert.java:111)
at campaign.CreateCampaign.createCampaign(CreateCampaign.java:41)
at java.base/jdk.internal.reflect.NativeMethodAccessorImpl.invoke0(Native Method)
at java.base/jdk.internal.reflect.NativeMethodAccessorImpl.invoke(NativeMethodAccessorImpl.java:78)
at java.base/jdk.internal.reflect.DelegatingMethodAccessorImpl.invoke(DelegatingMethodAccessorImpl.java:43)
at java.base/java.lang.reflect.Method.invoke(Method.java:567)
at org.testng.internal.invokers.MethodInvocationHelper.invokeMethod(MethodInvocationHelper.java:141)
at org.testng.internal.invokers.TestInvoker.invokeMethod(TestInvoker.java:686)
at org.testng.internal.invokers.TestInvoker.retryFailed(TestInvoker.java:269)
at org.testng.internal.invokers.MethodRunner.runInSequence(MethodRunner.java:76)
at org.testng.internal.invokers.TestInvoker$MethodInvocationAgent.invoke(TestInvoker.java:992)
at org.testng.internal.invokers.TestInvoker.invokeTestMethods(TestInvoker.java:203)
at org.testng.internal.invokers.TestMethodWorker.invokeTestMethods(TestMethodWorker.java:154)
at org.testng.internal.invokers.TestMethodWorker.run(TestMethodWorker.java:134)
at java.base/java.util.ArrayList.forEach(ArrayList.java:1511)
at org.testng.TestRunner.privateRun(TestRunner.java:739)
at org.testng.TestRunner.run(TestRunner.java:614)
at org.testng.SuiteRunner.runTest(SuiteRunner.java:421)
at org.testng.SuiteRunner.runSequentially(SuiteRunner.java:413)
at org.testng.SuiteRunner.privateRun(SuiteRunner.java:373)
at org.testng.SuiteRunner.run(SuiteRunner.java:312)
at org.testng.SuiteRunnerWorker.runSuite(SuiteRunnerWorker.java:52)
at org.testng.SuiteRunnerWorker.run(SuiteRunnerWorker.java:95)
at org.testng.TestNG.runSuitesSequentially(TestNG.java:1274)
at org.testng.TestNG.runSuitesLocally(TestNG.java:1208)
at org.testng.TestNG.runSuites(TestNG.java:1112)
at org.testng.TestNG.run(TestNG.java:1079)
at org.testng.remote.AbstractRemoteTestNG.run(AbstractRemoteTestNG.java:115)
at org.testng.remote.RemoteTestNG.initAndRun(RemoteTestNG.java:293)
at org.testng.remote.RemoteTestNG.main(RemoteTestNG.java:91)
]]>
            </full-stacktrace>
          </exception> <!-- java.lang.AssertionError -->
          <reporter-output>
          </reporter-output>
        </test-method> <!-- createCampaign -->
        <test-method is-config="true" signature="AM()[pri:0, instance:campaign.CreateCampaign@303cf2ba]" started-at="2025-01-31T19:34:34 IST" name="AM" finished-at="2025-01-31T19:34:37 IST" duration-ms="3566" status="PASS">
          <reporter-output>
          </reporter-output>
        </test-method> <!-- AM -->
        <test-method is-config="true" signature="BM()[pri:0, instance:campaign.CreateCampaign@303cf2ba]" started-at="2025-01-31T19:34:37 IST" name="BM" finished-at="2025-01-31T19:34:44 IST" duration-ms="6415" status="PASS">
          <reporter-output>
          </reporter-output>
        </test-method> <!-- BM -->
        <test-method retried="true" signature="createCampaign()[pri:0, instance:campaign.CreateCampaign@303cf2ba]" started-at="2025-01-31T19:34:44 IST" name="createCampaign" finished-at="2025-01-31T19:35:02 IST" duration-ms="17665" status="SKIP">
          <exception class="java.lang.AssertionError">
            <message>
              <![CDATA[i am failing the test script]]>
            </message>
            <full-stacktrace>
              <![CDATA[java.lang.AssertionError: i am failing the test script
at org.testng.Assert.fail(Assert.java:111)
at campaign.CreateCampaign.createCampaign(CreateCampaign.java:41)
at java.base/jdk.internal.reflect.NativeMethodAccessorImpl.invoke0(Native Method)
at java.base/jdk.internal.reflect.NativeMethodAccessorImpl.invoke(NativeMethodAccessorImpl.java:78)
at java.base/jdk.internal.reflect.DelegatingMethodAccessorImpl.invoke(DelegatingMethodAccessorImpl.java:43)
at java.base/java.lang.reflect.Method.invoke(Method.java:567)
at org.testng.internal.invokers.MethodInvocationHelper.invokeMethod(MethodInvocationHelper.java:141)
at org.testng.internal.invokers.TestInvoker.invokeMethod(TestInvoker.java:686)
at org.testng.internal.invokers.TestInvoker.retryFailed(TestInvoker.java:269)
at org.testng.internal.invokers.MethodRunner.runInSequence(MethodRunner.java:76)
at org.testng.internal.invokers.TestInvoker$MethodInvocationAgent.invoke(TestInvoker.java:992)
at org.testng.internal.invokers.TestInvoker.invokeTestMethods(TestInvoker.java:203)
at org.testng.internal.invokers.TestMethodWorker.invokeTestMethods(TestMethodWorker.java:154)
at org.testng.internal.invokers.TestMethodWorker.run(TestMethodWorker.java:134)
at java.base/java.util.ArrayList.forEach(ArrayList.java:1511)
at org.testng.TestRunner.privateRun(TestRunner.java:739)
at org.testng.TestRunner.run(TestRunner.java:614)
at org.testng.SuiteRunner.runTest(SuiteRunner.java:421)
at org.testng.SuiteRunner.runSequentially(SuiteRunner.java:413)
at org.testng.SuiteRunner.privateRun(SuiteRunner.java:373)
at org.testng.SuiteRunner.run(SuiteRunner.java:312)
at org.testng.SuiteRunnerWorker.runSuite(SuiteRunnerWorker.java:52)
at org.testng.SuiteRunnerWorker.run(SuiteRunnerWorker.java:95)
at org.testng.TestNG.runSuitesSequentially(TestNG.java:1274)
at org.testng.TestNG.runSuitesLocally(TestNG.java:1208)
at org.testng.TestNG.runSuites(TestNG.java:1112)
at org.testng.TestNG.run(TestNG.java:1079)
at org.testng.remote.AbstractRemoteTestNG.run(AbstractRemoteTestNG.java:115)
at org.testng.remote.RemoteTestNG.initAndRun(RemoteTestNG.java:293)
at org.testng.remote.RemoteTestNG.main(RemoteTestNG.java:91)
]]>
            </full-stacktrace>
          </exception> <!-- java.lang.AssertionError -->
          <reporter-output>
          </reporter-output>
        </test-method> <!-- createCampaign -->
        <test-method is-config="true" signature="AM()[pri:0, instance:campaign.CreateCampaign@303cf2ba]" started-at="2025-01-31T19:35:02 IST" name="AM" finished-at="2025-01-31T19:35:05 IST" duration-ms="3804" status="PASS">
          <reporter-output>
          </reporter-output>
        </test-method> <!-- AM -->
        <test-method is-config="true" signature="BM()[pri:0, instance:campaign.CreateCampaign@303cf2ba]" started-at="2025-01-31T19:35:05 IST" name="BM" finished-at="2025-01-31T19:35:12 IST" duration-ms="6886" status="PASS">
          <reporter-output>
          </reporter-output>
        </test-method> <!-- BM -->
        <test-method signature="createCampaign()[pri:0, instance:campaign.CreateCampaign@303cf2ba]" started-at="2025-01-31T19:35:12 IST" name="createCampaign" finished-at="2025-01-31T19:35:30 IST" duration-ms="17889" status="FAIL">
          <exception class="java.lang.AssertionError">
            <message>
              <![CDATA[i am failing the test script]]>
            </message>
            <full-stacktrace>
              <![CDATA[java.lang.AssertionError: i am failing the test script
at org.testng.Assert.fail(Assert.java:111)
at campaign.CreateCampaign.createCampaign(CreateCampaign.java:41)
at java.base/jdk.internal.reflect.NativeMethodAccessorImpl.invoke0(Native Method)
at java.base/jdk.internal.reflect.NativeMethodAccessorImpl.invoke(NativeMethodAccessorImpl.java:78)
at java.base/jdk.internal.reflect.DelegatingMethodAccessorImpl.invoke(DelegatingMethodAccessorImpl.java:43)
at java.base/java.lang.reflect.Method.invoke(Method.java:567)
at org.testng.internal.invokers.MethodInvocationHelper.invokeMethod(MethodInvocationHelper.java:141)
at org.testng.internal.invokers.TestInvoker.invokeMethod(TestInvoker.java:686)
at org.testng.internal.invokers.TestInvoker.retryFailed(TestInvoker.java:269)
at org.testng.internal.invokers.MethodRunner.runInSequence(MethodRunner.java:76)
at org.testng.internal.invokers.TestInvoker$MethodInvocationAgent.invoke(TestInvoker.java:992)
at org.testng.internal.invokers.TestInvoker.invokeTestMethods(TestInvoker.java:203)
at org.testng.internal.invokers.TestMethodWorker.invokeTestMethods(TestMethodWorker.java:154)
at org.testng.internal.invokers.TestMethodWorker.run(TestMethodWorker.java:134)
at java.base/java.util.ArrayList.forEach(ArrayList.java:1511)
at org.testng.TestRunner.privateRun(TestRunner.java:739)
at org.testng.TestRunner.run(TestRunner.java:614)
at org.testng.SuiteRunner.runTest(SuiteRunner.java:421)
at org.testng.SuiteRunner.runSequentially(SuiteRunner.java:413)
at org.testng.SuiteRunner.privateRun(SuiteRunner.java:373)
at org.testng.SuiteRunner.run(SuiteRunner.java:312)
at org.testng.SuiteRunnerWorker.runSuite(SuiteRunnerWorker.java:52)
at org.testng.SuiteRunnerWorker.run(SuiteRunnerWorker.java:95)
at org.testng.TestNG.runSuitesSequentially(TestNG.java:1274)
at org.testng.TestNG.runSuitesLocally(TestNG.java:1208)
at org.testng.TestNG.runSuites(TestNG.java:1112)
at org.testng.TestNG.run(TestNG.java:1079)
at org.testng.remote.AbstractRemoteTestNG.run(AbstractRemoteTestNG.java:115)
at org.testng.remote.RemoteTestNG.initAndRun(RemoteTestNG.java:293)
at org.testng.remote.RemoteTestNG.main(RemoteTestNG.java:91)
]]>
            </full-stacktrace>
          </exception> <!-- java.lang.AssertionError -->
          <reporter-output>
          </reporter-output>
        </test-method> <!-- createCampaign -->
        <test-method is-config="true" signature="AM()[pri:0, instance:campaign.CreateCampaign@303cf2ba]" started-at="2025-01-31T19:35:30 IST" name="AM" finished-at="2025-01-31T19:35:34 IST" duration-ms="3660" status="PASS">
          <reporter-output>
          </reporter-output>
        </test-method> <!-- AM -->
        <test-method is-config="true" signature="AC()[pri:0, instance:campaign.CreateCampaign@303cf2ba]" started-at="2025-01-31T19:35:34 IST" name="AC" finished-at="2025-01-31T19:35:35 IST" duration-ms="667" status="PASS">
          <reporter-output>
          </reporter-output>
        </test-method> <!-- AC -->
      </class> <!-- campaign.CreateCampaign -->
      <class name="campaign.CreateCampaignWithProduct">
        <test-method is-config="true" signature="BC()[pri:0, instance:campaign.CreateCampaignWithProduct@1033576a]" started-at="2025-01-31T19:32:20 IST" name="BC" finished-at="2025-01-31T19:32:25 IST" duration-ms="5742" status="PASS">
          <reporter-output>
          </reporter-output>
        </test-method> <!-- BC -->
        <test-method is-config="true" signature="BM()[pri:0, instance:campaign.CreateCampaignWithProduct@1033576a]" started-at="2025-01-31T19:32:25 IST" name="BM" finished-at="2025-01-31T19:32:34 IST" duration-ms="8725" status="PASS">
          <reporter-output>
          </reporter-output>
        </test-method> <!-- BM -->
        <test-method signature="createCampaignWithProduct()[pri:0, instance:campaign.CreateCampaignWithProduct@1033576a]" started-at="2025-01-31T19:32:34 IST" name="createCampaignWithProduct" finished-at="2025-01-31T19:33:28 IST" duration-ms="53839" status="PASS">
          <reporter-output>
          </reporter-output>
        </test-method> <!-- createCampaignWithProduct -->
        <test-method is-config="true" signature="AM()[pri:0, instance:campaign.CreateCampaignWithProduct@1033576a]" started-at="2025-01-31T19:33:28 IST" name="AM" finished-at="2025-01-31T19:33:32 IST" duration-ms="3877" status="PASS">
          <reporter-output>
          </reporter-output>
        </test-method> <!-- AM -->
        <test-method is-config="true" signature="AC()[pri:0, instance:campaign.CreateCampaignWithProduct@1033576a]" started-at="2025-01-31T19:33:32 IST" name="AC" finished-at="2025-01-31T19:33:32 IST" duration-ms="377" status="PASS">
          <reporter-output>
          </reporter-output>
        </test-method> <!-- AC -->
      </class> <!-- campaign.CreateCampaignWithProduct -->
      <class name="product.CreateProduct">
        <test-method is-config="true" signature="BC()[pri:0, instance:product.CreateProduct@76494737]" started-at="2025-01-31T19:35:35 IST" name="BC" finished-at="2025-01-31T19:35:38 IST" duration-ms="3164" status="PASS">
          <reporter-output>
          </reporter-output>
        </test-method> <!-- BC -->
        <test-method is-config="true" signature="BM()[pri:0, instance:product.CreateProduct@76494737]" started-at="2025-01-31T19:35:38 IST" name="BM" finished-at="2025-01-31T19:35:47 IST" duration-ms="8938" status="PASS">
          <reporter-output>
          </reporter-output>
        </test-method> <!-- BM -->
        <test-method signature="createProduct()[pri:0, instance:product.CreateProduct@76494737]" started-at="2025-01-31T19:35:47 IST" name="createProduct" finished-at="2025-01-31T19:36:15 IST" duration-ms="28686" status="PASS">
          <reporter-output>
          </reporter-output>
        </test-method> <!-- createProduct -->
        <test-method is-config="true" signature="AM()[pri:0, instance:product.CreateProduct@76494737]" started-at="2025-01-31T19:36:15 IST" name="AM" finished-at="2025-01-31T19:36:19 IST" duration-ms="3593" status="PASS">
          <reporter-output>
          </reporter-output>
        </test-method> <!-- AM -->
        <test-method is-config="true" signature="AC()[pri:0, instance:product.CreateProduct@76494737]" started-at="2025-01-31T19:36:19 IST" name="AC" finished-at="2025-01-31T19:36:20 IST" duration-ms="542" status="PASS">
          <reporter-output>
          </reporter-output>
        </test-method> <!-- AC -->
      </class> <!-- product.CreateProduct -->
      <class name="organization.CreateOrganization">
        <test-method is-config="true" signature="BS()[pri:0, instance:organization.CreateOrganization@496bc455]" started-at="2025-01-31T19:31:27 IST" name="BS" finished-at="2025-01-31T19:31:27 IST" duration-ms="29" status="PASS">
          <reporter-output>
          </reporter-output>
        </test-method> <!-- BS -->
        <test-method is-config="true" signature="BT()[pri:0, instance:organization.CreateOrganization@496bc455]" started-at="2025-01-31T19:31:27 IST" name="BT" finished-at="2025-01-31T19:31:27 IST" duration-ms="2" status="PASS">
          <reporter-output>
          </reporter-output>
        </test-method> <!-- BT -->
        <test-method is-config="true" signature="BC()[pri:0, instance:organization.CreateOrganization@496bc455]" started-at="2025-01-31T19:31:27 IST" name="BC" finished-at="2025-01-31T19:31:34 IST" duration-ms="6855" status="PASS">
          <reporter-output>
          </reporter-output>
        </test-method> <!-- BC -->
        <test-method is-config="true" signature="BM()[pri:0, instance:organization.CreateOrganization@496bc455]" started-at="2025-01-31T19:31:34 IST" name="BM" finished-at="2025-01-31T19:31:43 IST" duration-ms="9104" status="PASS">
          <reporter-output>
          </reporter-output>
        </test-method> <!-- BM -->
        <test-method signature="createOrganization()[pri:0, instance:organization.CreateOrganization@496bc455]" started-at="2025-01-31T19:31:44 IST" name="createOrganization" finished-at="2025-01-31T19:32:14 IST" duration-ms="30294" status="PASS">
          <reporter-output>
          </reporter-output>
        </test-method> <!-- createOrganization -->
        <test-method is-config="true" signature="AM()[pri:0, instance:organization.CreateOrganization@496bc455]" started-at="2025-01-31T19:32:14 IST" name="AM" finished-at="2025-01-31T19:32:19 IST" duration-ms="4784" status="PASS">
          <reporter-output>
          </reporter-output>
        </test-method> <!-- AM -->
        <test-method is-config="true" signature="AC()[pri:0, instance:organization.CreateOrganization@496bc455]" started-at="2025-01-31T19:32:19 IST" name="AC" finished-at="2025-01-31T19:32:20 IST" duration-ms="1028" status="PASS">
          <reporter-output>
          </reporter-output>
        </test-method> <!-- AC -->
        <test-method is-config="true" signature="AT()[pri:0, instance:organization.CreateOrganization@496bc455]" started-at="2025-01-31T19:36:20 IST" name="AT" finished-at="2025-01-31T19:36:20 IST" duration-ms="0" status="PASS">
          <reporter-output>
          </reporter-output>
        </test-method> <!-- AT -->
        <test-method is-config="true" signature="AS()[pri:0, instance:organization.CreateOrganization@496bc455]" started-at="2025-01-31T19:36:21 IST" name="AS" finished-at="2025-01-31T19:36:21 IST" duration-ms="3" status="PASS">
          <reporter-output>
          </reporter-output>
        </test-method> <!-- AS -->
      </class> <!-- organization.CreateOrganization -->
    </test> <!-- Test -->
  </suite> <!-- Suite -->
</testng-results>
